0 info it worked if it ends with ok
1 verbose cli [ '/usr/bin/node', '/usr/bin/npm', 'run', 'build' ]
2 info using npm@3.5.2
3 info using node@v8.10.0
4 verbose run-script [ 'prebuild', 'build', 'postbuild' ]
5 info lifecycle omm-user-import@0.0.1~prebuild: omm-user-import@0.0.1
6 silly lifecycle omm-user-import@0.0.1~prebuild: no script for prebuild, continuing
7 info lifecycle omm-user-import@0.0.1~build: omm-user-import@0.0.1
8 verbose lifecycle omm-user-import@0.0.1~build: unsafe-perm in lifecycle true
9 verbose lifecycle omm-user-import@0.0.1~build: PATH: /usr/share/npm/bin/node-gyp-bin:/home/kai-chun/Documents/LMU/WS1920/OMM/omm-ws1920/assignments/03-js/assignment-skeleton/omm-user-import/node_modules/.bin:/home/kai-chun/miniconda3/bin:/home/kai-chun/miniconda3/condabin:/home/kai-chun/.cargo/bin:/home/kai-chun/.local/bin:/usr/local/sbin:/usr/local/bin:/usr/sbin:/usr/bin:/sbin:/bin:/usr/games:/usr/local/games:/snap/bin:/usr/lib/jvm/java-12-oracle/bin:/usr/lib/jvm/java-12-oracle/db/bin:/usr/lib/jvm/java-12-oracle/bin
10 verbose lifecycle omm-user-import@0.0.1~build: CWD: /home/kai-chun/Documents/LMU/WS1920/OMM/omm-ws1920/assignments/03-js/assignment-skeleton/omm-user-import
11 silly lifecycle omm-user-import@0.0.1~build: Args: [ '-c', 'tsc' ]
12 info lifecycle omm-user-import@0.0.1~build: Failed to exec build script
13 verbose stack Error: omm-user-import@0.0.1 build: `tsc`
13 verbose stack spawn ENOENT
13 verbose stack     at ChildProcess.<anonymous> (/usr/share/npm/lib/utils/spawn.js:17:16)
13 verbose stack     at emitTwo (events.js:126:13)
13 verbose stack     at ChildProcess.emit (events.js:214:7)
13 verbose stack     at maybeClose (internal/child_process.js:925:16)
13 verbose stack     at Process.ChildProcess._handle.onexit (internal/child_process.js:209:5)
14 verbose pkgid omm-user-import@0.0.1
15 verbose cwd /home/kai-chun/Documents/LMU/WS1920/OMM/omm-ws1920/assignments/03-js/assignment-skeleton/omm-user-import/src
16 error Linux 4.15.0-1059-oem
17 error argv "/usr/bin/node" "/usr/bin/npm" "run" "build"
18 error node v8.10.0
19 error npm  v3.5.2
20 error file sh
21 error code ELIFECYCLE
22 error errno ENOENT
23 error syscall spawn
24 error omm-user-import@0.0.1 build: `tsc`
24 error spawn ENOENT
25 error Failed at the omm-user-import@0.0.1 build script 'tsc'.
25 error Make sure you have the latest version of node.js and npm installed.
25 error If you do, this is most likely a problem with the omm-user-import package,
25 error not with npm itself.
25 error Tell the author that this fails on your system:
25 error     tsc
25 error You can get information on how to open an issue for this project with:
25 error     npm bugs omm-user-import
25 error Or if that isn't available, you can get their info via:
25 error     npm owner ls omm-user-import
25 error There is likely additional logging output above.
26 verbose exit [ 1, true ]
